Performing C SOURCE FILE Test CMAKE_HAVE_LIBC_PTHREAD failed with the following output:
Change Dir: /home/gao/project/vins_covins_ws/src/VINS-Fusion/vins_estimator/cmake-build-debug/CMakeFiles/CMakeScratch/TryCompile-WUlDm9

Run Build Command(s):/home/gao/.local/share/JetBrains/Toolbox/apps/CLion/ch-0/231.8109.174/bin/ninja/linux/x64/ninja cmTC_d3531 && [1/2] Building C object CMakeFiles/cmTC_d3531.dir/src.c.o
[2/2] Linking C executable cmTC_d3531
FAILED: cmTC_d3531 
: && /usr/lib/ccache/cc  -rdynamic CMakeFiles/cmTC_d3531.dir/src.c.o -o cmTC_d3531   && :
/usr/bin/ld: CMakeFiles/cmTC_d3531.dir/src.c.o: in function `main':
src.c:(.text+0x3e): undefined reference to `pthread_create'
/usr/bin/ld: src.c:(.text+0x4a): undefined reference to `pthread_detach'
/usr/bin/ld: src.c:(.text+0x56): undefined reference to `pthread_cancel'
/usr/bin/ld: src.c:(.text+0x67): undefined reference to `pthread_join'
collect2: error: ld returned 1 exit status
ninja: build stopped: subcommand failed.


Source file was:
#include <pthread.h>

static void* test_func(void* data)
{
  return data;
}

int main(void)
{
  pthread_t thread;
  pthread_create(&thread, NULL, test_func, NULL);
  pthread_detach(thread);
  pthread_cancel(thread);
  pthread_join(thread, NULL);
  pthread_atfork(NULL, NULL, NULL);
  pthread_exit(NULL);

  return 0;
}


Determining if the function pthread_create exists in the pthreads failed with the following output:
Change Dir: /home/gao/project/vins_covins_ws/src/VINS-Fusion/vins_estimator/cmake-build-debug/CMakeFiles/CMakeScratch/TryCompile-QmLyw7

Run Build Command(s):/home/gao/.local/share/JetBrains/Toolbox/apps/CLion/ch-0/231.8109.174/bin/ninja/linux/x64/ninja cmTC_d97d7 && [1/2] Building C object CMakeFiles/cmTC_d97d7.dir/CheckFunctionExists.c.o
[2/2] Linking C executable cmTC_d97d7
FAILED: cmTC_d97d7 
: && /usr/lib/ccache/cc -DCHECK_FUNCTION_EXISTS=pthread_create -rdynamic CMakeFiles/cmTC_d97d7.dir/CheckFunctionExists.c.o -o cmTC_d97d7  -lpthreads && :
/usr/bin/ld: cannot find -lpthreads
collect2: error: ld returned 1 exit status
ninja: build stopped: subcommand failed.



